FrontEnd/MaryFarm/0.01vRelease/MaryFarm/app/build/intermediates/manifest_merge_blame_file/debug/manifest-merger-blame-debug-report.txt
1<?xml version="1.0" encoding="utf-8"?>
2<manifest xmlns:android="http://schemas.android.com/apk/res/android"
3    package="com.numberONE.maryfarm"
4    android:versionCode="2"
5    android:versionName="0.01" >
6
7    <uses-sdk
8        android:minSdkVersion="26"
8-->src\main\AndroidManifest.xml
9        android:targetSdkVersion="32" />
9-->src\main\AndroidManifest.xml
10    <!-- 인터넷 사용 권한 설정 -->
11    <uses-permission android:name="android.permission.INTERNET" />
11-->src\main\AndroidManifest.xml:5:5-67
11-->src\main\AndroidManifest.xml:5:22-64
12
13    <!-- 카메라 사용 권한 설정 -->
14    <uses-feature
14-->src\main\AndroidManifest.xml:8:5-10:36
15        android:name="android.hardware.camera2"
15-->src\main\AndroidManifest.xml:9:9-48
16        android:required="false" />
16-->src\main\AndroidManifest.xml:10:9-33
17
18    <!-- S3 퍼미션 설정 -->
19    <uses-permission android:name="android.permission.INTERNET" />
19-->src\main\AndroidManifest.xml:5:5-67
19-->src\main\AndroidManifest.xml:5:22-64
20    <uses-permission android:name="android.permission.ACCESS_NETWORK_STATE" />
20-->src\main\AndroidManifest.xml:14:9-83
20-->src\main\AndroidManifest.xml:14:26-80
21    <uses-permission android:name="android.permission.WRITE_EXTERNAL_STORAGE" />
21-->src\main\AndroidManifest.xml:15:9-85
21-->src\main\AndroidManifest.xml:15:26-82
22    <uses-permission android:name="android.permission.READ_EXTERNAL_STORAGE" />
22-->src\main\AndroidManifest.xml:16:9-84
22-->src\main\AndroidManifest.xml:16:26-81
23
24    <queries>
24-->[com.kakao.sdk:v2-navi:2.12.0] AndroidManifest.xml:9:5-12:15
25        <package android:name="com.locnall.KimGiSa" />
25-->[com.kakao.sdk:v2-navi:2.12.0] AndroidManifest.xml:10:9-55
25-->[com.kakao.sdk:v2-navi:2.12.0] AndroidManifest.xml:10:18-52
26        <package android:name="com.lguplus.navi" />
26-->[com.kakao.sdk:v2-navi:2.12.0] AndroidManifest.xml:11:9-52
26-->[com.kakao.sdk:v2-navi:2.12.0] AndroidManifest.xml:11:18-49
27        <package android:name="com.kakao.talk" />
27-->[com.kakao.sdk:v2-common:2.12.0] AndroidManifest.xml:10:9-50
27-->[com.kakao.sdk:v2-common:2.12.0] AndroidManifest.xml:10:18-47
28        <package android:name="com.kakao.talk.alpha" />
28-->[com.kakao.sdk:v2-common:2.12.0] AndroidManifest.xml:11:9-56
28-->[com.kakao.sdk:v2-common:2.12.0] AndroidManifest.xml:11:18-53
29        <package android:name="com.kakao.talk.sandbox" />
29-->[com.kakao.sdk:v2-common:2.12.0] AndroidManifest.xml:12:9-58
29-->[com.kakao.sdk:v2-common:2.12.0] AndroidManifest.xml:12:18-55
30        <package android:name="com.kakao.onetalk" />
30-->[com.kakao.sdk:v2-common:2.12.0] AndroidManifest.xml:13:9-53
30-->[com.kakao.sdk:v2-common:2.12.0] AndroidManifest.xml:13:18-50
31
32        <intent>
32-->[com.kakao.sdk:v2-common:2.12.0] AndroidManifest.xml:15:9-21:18
33            <action android:name="android.intent.action.VIEW" />
33-->[com.kakao.sdk:v2-common:2.12.0] AndroidManifest.xml:16:13-65
33-->[com.kakao.sdk:v2-common:2.12.0] AndroidManifest.xml:16:21-62
34
35            <category android:name="android.intent.category.BROWSABLE" />
35-->[com.kakao.sdk:v2-common:2.12.0] AndroidManifest.xml:18:13-74
35-->[com.kakao.sdk:v2-common:2.12.0] AndroidManifest.xml:18:23-71
36
37            <data android:scheme="https" />
37-->[com.kakao.sdk:v2-common:2.12.0] AndroidManifest.xml:20:13-44
37-->[com.kakao.sdk:v2-common:2.12.0] AndroidManifest.xml:20:19-41
38        </intent>
39    </queries>
40
41    <application
41-->src\main\AndroidManifest.xml:18:5-161:19
42        android:name="com.numberONE.maryfarm.KakaoLogin.KakaoApplication"
42-->src\main\AndroidManifest.xml:19:9-52
43        android:allowBackup="true"
43-->src\main\AndroidManifest.xml:20:9-35
44        android:appComponentFactory="androidx.core.app.CoreComponentFactory"
44-->[androidx.core:core:1.8.0] AndroidManifest.xml:24:18-86
45        android:dataExtractionRules="@xml/data_extraction_rules"
45-->src\main\AndroidManifest.xml:22:9-65
46        android:debuggable="true"
47        android:extractNativeLibs="false"
48        android:fullBackupContent="@xml/backup_rules"
48-->src\main\AndroidManifest.xml:23:9-54
49        android:icon="@mipmap/ic_launcher"
49-->src\main\AndroidManifest.xml:24:9-43
50        android:label="@string/app_name"
50-->src\main\AndroidManifest.xml:25:9-41
51        android:networkSecurityConfig="@xml/network_security_config"
51-->src\main\AndroidManifest.xml:21:9-69
52        android:roundIcon="@mipmap/ic_launcher_round"
52-->src\main\AndroidManifest.xml:26:9-54
53        android:supportsRtl="true"
53-->src\main\AndroidManifest.xml:27:9-35
54        android:theme="@style/Theme.MaryFarm" >
54-->src\main\AndroidManifest.xml:28:9-46
55
56        <!-- s3 service 설정 -->
57        <service
57-->src\main\AndroidManifest.xml:32:9-123
58            android:name="com.amazonaws.mobileconnectors.s3.transferutility.TransferService"
58-->src\main\AndroidManifest.xml:32:18-98
59            android:enabled="true" />
59-->src\main\AndroidManifest.xml:32:99-121
60
61        <activity
61-->src\main\AndroidManifest.xml:34:9-40:20
62            android:name="com.numberONE.maryfarm.Diary.DiaryModifyActivity"
62-->src\main\AndroidManifest.xml:35:13-54
63            android:exported="false" >
63-->src\main\AndroidManifest.xml:36:13-37
64            <meta-data
64-->src\main\AndroidManifest.xml:37:13-39:36
65                android:name="android.app.lib_name"
65-->src\main\AndroidManifest.xml:38:17-52
66                android:value="" />
66-->src\main\AndroidManifest.xml:39:17-33
67        </activity>
68        <activity
68-->src\main\AndroidManifest.xml:41:9-47:20
69            android:name="com.numberONE.maryfarm.MyfarmProfile.MyPageActivity"
69-->src\main\AndroidManifest.xml:42:13-57
70            android:exported="false" >
70-->src\main\AndroidManifest.xml:43:13-37
71            <meta-data
71-->src\main\AndroidManifest.xml:37:13-39:36
72                android:name="android.app.lib_name"
72-->src\main\AndroidManifest.xml:38:17-52
73                android:value="" />
73-->src\main\AndroidManifest.xml:39:17-33
74        </activity>
75        <activity
75-->src\main\AndroidManifest.xml:48:9-54:20
76            android:name="com.numberONE.maryfarm.Chat.ChatActivity"
76-->src\main\AndroidManifest.xml:49:13-46
77            android:exported="false" >
77-->src\main\AndroidManifest.xml:50:13-37
78            <meta-data
78-->src\main\AndroidManifest.xml:37:13-39:36
79                android:name="android.app.lib_name"
79-->src\main\AndroidManifest.xml:38:17-52
80                android:value="" />
80-->src\main\AndroidManifest.xml:39:17-33
81        </activity>
82        <activity
82-->src\main\AndroidManifest.xml:55:9-61:20
83            android:name="com.numberONE.maryfarm.Board.BoardActivity"
83-->src\main\AndroidManifest.xml:56:13-48
84            android:exported="false" >
84-->src\main\AndroidManifest.xml:57:13-37
85            <meta-data
85-->src\main\AndroidManifest.xml:37:13-39:36
86                android:name="android.app.lib_name"
86-->src\main\AndroidManifest.xml:38:17-52
87                android:value="" />
87-->src\main\AndroidManifest.xml:39:17-33
88        </activity>
89        <activity
89-->src\main\AndroidManifest.xml:62:9-68:20
90            android:name="com.numberONE.maryfarm.Alarm.AlarmActivity"
90-->src\main\AndroidManifest.xml:63:13-48
91            android:exported="false" >
91-->src\main\AndroidManifest.xml:64:13-37
92            <meta-data
92-->src\main\AndroidManifest.xml:37:13-39:36
93                android:name="android.app.lib_name"
93-->src\main\AndroidManifest.xml:38:17-52
94                android:value="" />
94-->src\main\AndroidManifest.xml:39:17-33
95        </activity>
96        <activity
96-->src\main\AndroidManifest.xml:69:9-75:20
97            android:name="com.numberONE.maryfarm.Pick.PickActivity"
97-->src\main\AndroidManifest.xml:70:13-46
98            android:exported="false" >
98-->src\main\AndroidManifest.xml:71:13-37
99            <meta-data
99-->src\main\AndroidManifest.xml:37:13-39:36
100                android:name="android.app.lib_name"
100-->src\main\AndroidManifest.xml:38:17-52
101                android:value="" />
101-->src\main\AndroidManifest.xml:39:17-33
102        </activity>
103        <activity
103-->src\main\AndroidManifest.xml:76:9-82:20
104            android:name="com.numberONE.maryfarm.Diary.DiaryAddActivity"
104-->src\main\AndroidManifest.xml:77:13-51
105            android:exported="true" >
105-->src\main\AndroidManifest.xml:78:13-36
106            <meta-data
106-->src\main\AndroidManifest.xml:37:13-39:36
107                android:name="android.app.lib_name"
107-->src\main\AndroidManifest.xml:38:17-52
108                android:value="" />
108-->src\main\AndroidManifest.xml:39:17-33
109        </activity>
110        <activity
110-->src\main\AndroidManifest.xml:83:9-90:20
111            android:name="com.numberONE.maryfarm.Diary.DiaryDetailActivity"
111-->src\main\AndroidManifest.xml:84:13-54
112            android:exported="true"
112-->src\main\AndroidManifest.xml:85:13-36
113            android:windowSoftInputMode="adjustPan" >
113-->src\main\AndroidManifest.xml:86:13-52
114            <meta-data
114-->src\main\AndroidManifest.xml:37:13-39:36
115                android:name="android.app.lib_name"
115-->src\main\AndroidManifest.xml:38:17-52
116                android:value="" />
116-->src\main\AndroidManifest.xml:39:17-33
117        </activity>
118        <activity
118-->src\main\AndroidManifest.xml:92:9-98:20
119            android:name="com.numberONE.maryfarm.MyfarmProfile.FarmsProfileActivity"
119-->src\main\AndroidManifest.xml:93:13-63
120            android:exported="false" >
120-->src\main\AndroidManifest.xml:94:13-37
121            <meta-data
121-->src\main\AndroidManifest.xml:37:13-39:36
122                android:name="android.app.lib_name"
122-->src\main\AndroidManifest.xml:38:17-52
123                android:value="" />
123-->src\main\AndroidManifest.xml:39:17-33
124        </activity>
125        <activity
125-->src\main\AndroidManifest.xml:99:9-105:20
126            android:name="com.numberONE.maryfarm.MyfarmProfile.MyfarmProfileActivity"
126-->src\main\AndroidManifest.xml:100:13-64
127            android:exported="false" >
127-->src\main\AndroidManifest.xml:101:13-37
128            <meta-data
128-->src\main\AndroidManifest.xml:37:13-39:36
129                android:name="android.app.lib_name"
129-->src\main\AndroidManifest.xml:38:17-52
130                android:value="" />
130-->src\main\AndroidManifest.xml:39:17-33
131        </activity>
132        <activity
132-->src\main\AndroidManifest.xml:106:9-119:20
133            android:name="com.numberONE.maryfarm.KakaoLogin.KakaoLoginActivity"
133-->src\main\AndroidManifest.xml:107:13-58
134            android:exported="true" >
134-->src\main\AndroidManifest.xml:108:13-36
135
136            <!-- <intent-filter> -->
137            <!-- <action android:name="android.intent.action.MAIN" /> -->
138
139
140            <!-- <category android:name="android.intent.category.LAUNCHER" /> -->
141            <!-- </intent-filter> -->
142            <meta-data
142-->src\main\AndroidManifest.xml:37:13-39:36
143                android:name="android.app.lib_name"
143-->src\main\AndroidManifest.xml:38:17-52
144                android:value="" />
144-->src\main\AndroidManifest.xml:39:17-33
145        </activity>
146        <activity
146-->src\main\AndroidManifest.xml:120:9-132:20
147            android:name="com.numberONE.maryfarm.MainActivity"
147-->src\main\AndroidManifest.xml:121:13-41
148            android:exported="true" >
148-->src\main\AndroidManifest.xml:122:13-36
149            <intent-filter>
149-->src\main\AndroidManifest.xml:123:13-127:29
150                <action android:name="android.intent.action.MAIN" />
150-->src\main\AndroidManifest.xml:124:17-69
150-->src\main\AndroidManifest.xml:124:25-66
151
152                <category android:name="android.intent.category.LAUNCHER" />
152-->src\main\AndroidManifest.xml:126:17-77
152-->src\main\AndroidManifest.xml:126:27-74
153            </intent-filter>
154
155            <meta-data
155-->src\main\AndroidManifest.xml:37:13-39:36
156                android:name="android.app.lib_name"
156-->src\main\AndroidManifest.xml:38:17-52
157                android:value="" />
157-->src\main\AndroidManifest.xml:39:17-33
158        </activity>
159        <activity
159-->src\main\AndroidManifest.xml:133:9-150:20
160            android:name="com.kakao.sdk.auth.AuthCodeHandlerActivity"
160-->src\main\AndroidManifest.xml:134:13-70
161            android:exported="true"
161-->src\main\AndroidManifest.xml:135:13-36
162            android:launchMode="singleTask"
162-->[com.kakao.sdk:v2-auth:2.12.0] AndroidManifest.xml:18:13-44
163            android:theme="@style/TransparentCompat" >
163-->[com.kakao.sdk:v2-auth:2.12.0] AndroidManifest.xml:19:13-53
164
165            <!-- <intent-filter> -->
166            <!-- <action android:name="android.intent.action.VIEW" /> -->
167
168
169            <!-- <category android:name="android.intent.category.DEFAULT" /> -->
170            <!-- <category android:name="android.intent.category.BROWSABLE" /> -->
171
172
173            <!-- &lt;!&ndash; Redirect URI: "kakao{NATIVE_APP_KEY}://oauth" &ndash;&gt; -->
174            <!-- <data -->
175            <!-- android:host="oauth" -->
176            <!-- android:scheme="kakao2d4ab065b4f4050039cdc9af3e888398" /> -->
177            <!-- </intent-filter> -->
178        </activity>
179
180        <provider
180-->src\main\AndroidManifest.xml:152:9-160:20
181            android:name="androidx.core.content.FileProvider"
181-->src\main\AndroidManifest.xml:153:13-62
182            android:authorities="com.numberONE.maryfarm.fileprovider"
182-->src\main\AndroidManifest.xml:154:13-70
183            android:exported="false"
183-->src\main\AndroidManifest.xml:155:13-37
184            android:grantUriPermissions="true" >
184-->src\main\AndroidManifest.xml:156:13-47
185            <meta-data
185-->src\main\AndroidManifest.xml:157:13-159:54
186                android:name="android.support.FILE_PROVIDER_PATHS"
186-->src\main\AndroidManifest.xml:158:17-67
187                android:resource="@xml/file_paths" />
187-->src\main\AndroidManifest.xml:159:17-51
188        </provider>
189
190        <activity
190-->[com.kakao.sdk:v2-auth:2.12.0] AndroidManifest.xml:10:9-15:56
191            android:name="com.kakao.sdk.auth.TalkAuthCodeActivity"
191-->[com.kakao.sdk:v2-auth:2.12.0] AndroidManifest.xml:11:13-67
192            android:configChanges="orientation|screenSize|keyboardHidden"
192-->[com.kakao.sdk:v2-auth:2.12.0] AndroidManifest.xml:12:13-74
193            android:exported="false"
193-->[com.kakao.sdk:v2-auth:2.12.0] AndroidManifest.xml:13:13-37
194            android:launchMode="singleTask"
194-->[com.kakao.sdk:v2-auth:2.12.0] AndroidManifest.xml:14:13-44
195            android:theme="@style/TransparentCompat" />
195-->[com.kakao.sdk:v2-auth:2.12.0] AndroidManifest.xml:15:13-53
196
197        <provider
197-->[com.github.prolificinteractive:material-calendarview:2.0.1] AndroidManifest.xml:12:9-16:40
198            android:name="com.prolificinteractive.materialcalendarview.MaterialCalendarViewInitProvider"
198-->[com.github.prolificinteractive:material-calendarview:2.0.1] AndroidManifest.xml:13:13-105
199            android:authorities="com.numberONE.maryfarm.materialcalendarviewinitprovider"
199-->[com.github.prolificinteractive:material-calendarview:2.0.1] AndroidManifest.xml:14:13-84
200            android:enabled="true"
200-->[com.github.prolificinteractive:material-calendarview:2.0.1] AndroidManifest.xml:15:13-35
201            android:exported="false" />
201-->[com.github.prolificinteractive:material-calendarview:2.0.1] AndroidManifest.xml:16:13-37
202        <provider
202-->[androidx.emoji2:emoji2:1.2.0] AndroidManifest.xml:24:9-32:20
203            android:name="androidx.startup.InitializationProvider"
203-->[androidx.emoji2:emoji2:1.2.0] AndroidManifest.xml:25:13-67
204            android:authorities="com.numberONE.maryfarm.androidx-startup"
204-->[androidx.emoji2:emoji2:1.2.0] AndroidManifest.xml:26:13-68
205            android:exported="false" >
205-->[androidx.emoji2:emoji2:1.2.0] AndroidManifest.xml:27:13-37
206            <meta-data
206-->[androidx.emoji2:emoji2:1.2.0] AndroidManifest.xml:29:13-31:52
207                android:name="androidx.emoji2.text.EmojiCompatInitializer"
207-->[androidx.emoji2:emoji2:1.2.0] AndroidManifest.xml:30:17-75
208                android:value="androidx.startup" />
208-->[androidx.emoji2:emoji2:1.2.0] AndroidManifest.xml:31:17-49
209            <meta-data
209-->[androidx.lifecycle:lifecycle-process:2.4.1] AndroidManifest.xml:31:13-33:52
210                android:name="androidx.lifecycle.ProcessLifecycleInitializer"
210-->[androidx.lifecycle:lifecycle-process:2.4.1] AndroidManifest.xml:32:17-78
211                android:value="androidx.startup" />
211-->[androidx.lifecycle:lifecycle-process:2.4.1] AndroidManifest.xml:33:17-49
212        </provider>
213
214        <uses-library
214-->[androidx.window:window:1.0.0] AndroidManifest.xml:25:9-27:40
215            android:name="androidx.window.extensions"
215-->[androidx.window:window:1.0.0] AndroidManifest.xml:26:13-54
216            android:required="false" />
216-->[androidx.window:window:1.0.0] AndroidManifest.xml:27:13-37
217        <uses-library
217-->[androidx.window:window:1.0.0] AndroidManifest.xml:28:9-30:40
218            android:name="androidx.window.sidecar"
218-->[androidx.window:window:1.0.0] AndroidManifest.xml:29:13-51
219            android:required="false" />
219-->[androidx.window:window:1.0.0] AndroidManifest.xml:30:13-37
220    </application>
221
222</manifest>